  AudioManager.cpp
C:\Users\trand\Documents\GITHUB\Cube-Land\Box2D_SFML1\Box2D_SFML1\MonoBehavior.h(26,1): warning C4311: 'type cast': pointer truncation from 'errno_t (__cdecl *)(char *const ,const size_t,const time_t *const )' to 'int'
C:\Users\trand\Documents\GITHUB\Cube-Land\Box2D_SFML1\Box2D_SFML1\MonoBehavior.h(26,1): warning C4302: 'type cast': truncation from 'errno_t (__cdecl *)(char *const ,const size_t,const time_t *const )' to 'int'
C:\Users\trand\Documents\GITHUB\Cube-Land\Box2D_SFML1\Box2D_SFML1\AudioManager.cpp(5,15): warning C4244: 'argument': conversion from 'time_t' to 'unsigned int', possible loss of data
  CButtons.cpp
C:\Users\trand\Documents\GITHUB\Cube-Land\Box2D_SFML1\Box2D_SFML1\MonoBehavior.h(26,1): warning C4311: 'type cast': pointer truncation from 'errno_t (__cdecl *)(char *const ,const size_t,const time_t *const )' to 'int'
C:\Users\trand\Documents\GITHUB\Cube-Land\Box2D_SFML1\Box2D_SFML1\MonoBehavior.h(26,1): warning C4302: 'type cast': truncation from 'errno_t (__cdecl *)(char *const ,const size_t,const time_t *const )' to 'int'
C:\Users\trand\Documents\GITHUB\Cube-Land\Box2D_SFML1\Box2D_SFML1\CButtons.cpp(46,26): warning C4305: 'argument': truncation from 'double' to 'float'
C:\Users\trand\Documents\GITHUB\Cube-Land\Box2D_SFML1\Box2D_SFML1\CButtons.cpp(47,28): warning C4305: 'argument': truncation from 'double' to 'float'
C:\Users\trand\Documents\GITHUB\Cube-Land\Box2D_SFML1\Box2D_SFML1\CButtons.cpp(200,28): warning C4244: 'argument': conversion from 'float' to 'unsigned int', possible loss of data
C:\Users\trand\Documents\GITHUB\Cube-Land\Box2D_SFML1\Box2D_SFML1\CButtons.cpp(322,28): warning C4244: 'argument': conversion from 'float' to 'unsigned int', possible loss of data
C:\Users\trand\Documents\GITHUB\Cube-Land\Box2D_SFML1\Box2D_SFML1\CButtons.cpp(331,33): warning C4244: 'return': conversion from 'T' to 'int', possible loss of data
          with
          [
              T=float
          ]
C:\Users\trand\Documents\GITHUB\Cube-Land\Box2D_SFML1\Box2D_SFML1\CButtons.cpp(340,33): warning C4244: 'return': conversion from 'T' to 'int', possible loss of data
          with
          [
              T=float
          ]
  CContactListener.cpp
C:\Users\trand\Documents\GITHUB\Cube-Land\Box2D_SFML1\Box2D_SFML1\MonoBehavior.h(26,1): warning C4311: 'type cast': pointer truncation from 'errno_t (__cdecl *)(char *const ,const size_t,const time_t *const )' to 'int'
C:\Users\trand\Documents\GITHUB\Cube-Land\Box2D_SFML1\Box2D_SFML1\MonoBehavior.h(26,1): warning C4302: 'type cast': truncation from 'errno_t (__cdecl *)(char *const ,const size_t,const time_t *const )' to 'int'
  CEntity.cpp
C:\Users\trand\Documents\GITHUB\Cube-Land\Box2D_SFML1\Box2D_SFML1\MonoBehavior.h(26,1): warning C4311: 'type cast': pointer truncation from 'errno_t (__cdecl *)(char *const ,const size_t,const time_t *const )' to 'int'
C:\Users\trand\Documents\GITHUB\Cube-Land\Box2D_SFML1\Box2D_SFML1\MonoBehavior.h(26,1): warning C4302: 'type cast': truncation from 'errno_t (__cdecl *)(char *const ,const size_t,const time_t *const )' to 'int'
  CGameScene.cpp
C:\Users\trand\Documents\GITHUB\Cube-Land\Box2D_SFML1\Box2D_SFML1\MonoBehavior.h(26,1): warning C4311: 'type cast': pointer truncation from 'errno_t (__cdecl *)(char *const ,const size_t,const time_t *const )' to 'int'
C:\Users\trand\Documents\GITHUB\Cube-Land\Box2D_SFML1\Box2D_SFML1\MonoBehavior.h(26,1): warning C4302: 'type cast': truncation from 'errno_t (__cdecl *)(char *const ,const size_t,const time_t *const )' to 'int'
C:\Users\trand\Documents\GITHUB\Cube-Land\Box2D_SFML1\Box2D_SFML1\CGameScene.h(4,10): warning C4067: unexpected tokens following preprocessor directive - expected a newline
C:\Users\trand\Documents\GITHUB\Cube-Land\Box2D_SFML1\Box2D_SFML1\CGameScene.cpp(236,60): warning C4244: 'argument': conversion from 'float' to 'sf::Uint8', possible loss of data
C:\Users\trand\Documents\GITHUB\Cube-Land\Box2D_SFML1\Box2D_SFML1\CGameScene.cpp(237,64): warning C4244: 'argument': conversion from 'float' to 'sf::Uint8', possible loss of data
C:\Users\trand\Documents\GITHUB\Cube-Land\Box2D_SFML1\Box2D_SFML1\CGameScene.cpp(249,115): warning C4244: 'argument': conversion from 'T' to 'T', possible loss of data
          with
          [
              T=unsigned int
          ]
          and
          [
              T=float
          ]
C:\Users\trand\Documents\GITHUB\Cube-Land\Box2D_SFML1\Box2D_SFML1\CGameScene.cpp(249,86): warning C4244: 'argument': conversion from 'T' to 'T', possible loss of data
          with
          [
              T=unsigned int
          ]
          and
          [
              T=float
          ]
C:\Users\trand\Documents\GITHUB\Cube-Land\Box2D_SFML1\Box2D_SFML1\CGameScene.cpp(268,113): warning C4244: 'argument': conversion from 'T' to 'T', possible loss of data
          with
          [
              T=unsigned int
          ]
          and
          [
              T=float
          ]
C:\Users\trand\Documents\GITHUB\Cube-Land\Box2D_SFML1\Box2D_SFML1\CGameScene.cpp(268,84): warning C4244: 'argument': conversion from 'T' to 'T', possible loss of data
          with
          [
              T=unsigned int
          ]
          and
          [
              T=float
          ]
  CInputField.cpp
C:\Users\trand\Documents\GITHUB\Cube-Land\Box2D_SFML1\Box2D_SFML1\MonoBehavior.h(26,1): warning C4311: 'type cast': pointer truncation from 'errno_t (__cdecl *)(char *const ,const size_t,const time_t *const )' to 'int'
C:\Users\trand\Documents\GITHUB\Cube-Land\Box2D_SFML1\Box2D_SFML1\MonoBehavior.h(26,1): warning C4302: 'type cast': truncation from 'errno_t (__cdecl *)(char *const ,const size_t,const time_t *const )' to 'int'
  CMainMenu.cpp
C:\Users\trand\Documents\GITHUB\Cube-Land\Box2D_SFML1\Box2D_SFML1\MonoBehavior.h(26,1): warning C4311: 'type cast': pointer truncation from 'errno_t (__cdecl *)(char *const ,const size_t,const time_t *const )' to 'int'
C:\Users\trand\Documents\GITHUB\Cube-Land\Box2D_SFML1\Box2D_SFML1\MonoBehavior.h(26,1): warning C4302: 'type cast': truncation from 'errno_t (__cdecl *)(char *const ,const size_t,const time_t *const )' to 'int'
C:\Users\trand\Documents\GITHUB\Cube-Land\Box2D_SFML1\Box2D_SFML1\CMainMenu.cpp(134,106): warning C4244: 'argument': conversion from 'double' to 'float', possible loss of data
  CSceneManager.cpp
C:\Users\trand\Documents\GITHUB\Cube-Land\Box2D_SFML1\Box2D_SFML1\MonoBehavior.h(26,1): warning C4311: 'type cast': pointer truncation from 'errno_t (__cdecl *)(char *const ,const size_t,const time_t *const )' to 'int'
C:\Users\trand\Documents\GITHUB\Cube-Land\Box2D_SFML1\Box2D_SFML1\MonoBehavior.h(26,1): warning C4302: 'type cast': truncation from 'errno_t (__cdecl *)(char *const ,const size_t,const time_t *const )' to 'int'
C:\Users\trand\Documents\GITHUB\Cube-Land\Box2D_SFML1\Box2D_SFML1\CGameScene.h(4,10): warning C4067: unexpected tokens following preprocessor directive - expected a newline
  GUI.cpp
C:\Users\trand\Documents\GITHUB\Cube-Land\Box2D_SFML1\Box2D_SFML1\MonoBehavior.h(26,1): warning C4311: 'type cast': pointer truncation from 'errno_t (__cdecl *)(char *const ,const size_t,const time_t *const )' to 'int'
C:\Users\trand\Documents\GITHUB\Cube-Land\Box2D_SFML1\Box2D_SFML1\MonoBehavior.h(26,1): warning C4302: 'type cast': truncation from 'errno_t (__cdecl *)(char *const ,const size_t,const time_t *const )' to 'int'
C:\Users\trand\Documents\GITHUB\Cube-Land\Box2D_SFML1\Box2D_SFML1\GUI.cpp(106,30): warning C4305: 'argument': truncation from 'double' to 'float'
C:\Users\trand\Documents\GITHUB\Cube-Land\Box2D_SFML1\Box2D_SFML1\GUI.cpp(114,32): warning C4305: 'argument': truncation from 'double' to 'float'
C:\Users\trand\Documents\GITHUB\Cube-Land\Box2D_SFML1\Box2D_SFML1\GUI.cpp(126,76): warning C4244: 'argument': conversion from 'float' to 'T', possible loss of data
          with
          [
              T=int
          ]
C:\Users\trand\Documents\GITHUB\Cube-Land\Box2D_SFML1\Box2D_SFML1\GUI.cpp(139,72): warning C4244: 'argument': conversion from 'float' to 'T', possible loss of data
          with
          [
              T=int
          ]
C:\Users\trand\Documents\GITHUB\Cube-Land\Box2D_SFML1\Box2D_SFML1\GUI.cpp(379,110): warning C4244: 'argument': conversion from 'int' to 'T', possible loss of data
          with
          [
              T=float
          ]
C:\Users\trand\Documents\GITHUB\Cube-Land\Box2D_SFML1\Box2D_SFML1\GUI.cpp(379,98): warning C4244: 'argument': conversion from 'int' to 'T', possible loss of data
          with
          [
              T=float
          ]
  IScene.cpp
C:\Users\trand\Documents\GITHUB\Cube-Land\Box2D_SFML1\Box2D_SFML1\MonoBehavior.h(26,1): warning C4311: 'type cast': pointer truncation from 'errno_t (__cdecl *)(char *const ,const size_t,const time_t *const )' to 'int'
C:\Users\trand\Documents\GITHUB\Cube-Land\Box2D_SFML1\Box2D_SFML1\MonoBehavior.h(26,1): warning C4302: 'type cast': truncation from 'errno_t (__cdecl *)(char *const ,const size_t,const time_t *const )' to 'int'
  Item.cpp
C:\Users\trand\Documents\GITHUB\Cube-Land\Box2D_SFML1\Box2D_SFML1\MonoBehavior.h(26,1): warning C4311: 'type cast': pointer truncation from 'errno_t (__cdecl *)(char *const ,const size_t,const time_t *const )' to 'int'
C:\Users\trand\Documents\GITHUB\Cube-Land\Box2D_SFML1\Box2D_SFML1\MonoBehavior.h(26,1): warning C4302: 'type cast': truncation from 'errno_t (__cdecl *)(char *const ,const size_t,const time_t *const )' to 'int'
  LumberPile.cpp
C:\Users\trand\Documents\GITHUB\Cube-Land\Box2D_SFML1\Box2D_SFML1\MonoBehavior.h(26,1): warning C4311: 'type cast': pointer truncation from 'errno_t (__cdecl *)(char *const ,const size_t,const time_t *const )' to 'int'
C:\Users\trand\Documents\GITHUB\Cube-Land\Box2D_SFML1\Box2D_SFML1\MonoBehavior.h(26,1): warning C4302: 'type cast': truncation from 'errno_t (__cdecl *)(char *const ,const size_t,const time_t *const )' to 'int'
  ParticleSystem.cpp
C:\Users\trand\Documents\GITHUB\Cube-Land\Box2D_SFML1\Box2D_SFML1\MonoBehavior.h(26,1): warning C4311: 'type cast': pointer truncation from 'errno_t (__cdecl *)(char *const ,const size_t,const time_t *const )' to 'int'
C:\Users\trand\Documents\GITHUB\Cube-Land\Box2D_SFML1\Box2D_SFML1\MonoBehavior.h(26,1): warning C4302: 'type cast': truncation from 'errno_t (__cdecl *)(char *const ,const size_t,const time_t *const )' to 'int'
  Player.cpp
C:\Users\trand\Documents\GITHUB\Cube-Land\Box2D_SFML1\Box2D_SFML1\MonoBehavior.h(26,1): warning C4311: 'type cast': pointer truncation from 'errno_t (__cdecl *)(char *const ,const size_t,const time_t *const )' to 'int'
C:\Users\trand\Documents\GITHUB\Cube-Land\Box2D_SFML1\Box2D_SFML1\MonoBehavior.h(26,1): warning C4302: 'type cast': truncation from 'errno_t (__cdecl *)(char *const ,const size_t,const time_t *const )' to 'int'
C:\Users\trand\Documents\GITHUB\Cube-Land\Box2D_SFML1\Box2D_SFML1\Player.cpp(255,18): warning C4834: discarding return value of function with 'nodiscard' attribute
C:\Users\trand\Documents\GITHUB\Cube-Land\Box2D_SFML1\Box2D_SFML1\Player.cpp(281,17): warning C4834: discarding return value of function with 'nodiscard' attribute
C:\Users\trand\Documents\GITHUB\Cube-Land\Box2D_SFML1\Box2D_SFML1\Player.cpp(315,18): warning C4834: discarding return value of function with 'nodiscard' attribute
C:\Users\trand\Documents\GITHUB\Cube-Land\Box2D_SFML1\Box2D_SFML1\Player.cpp(344,17): warning C4834: discarding return value of function with 'nodiscard' attribute
  Portal.cpp
C:\Users\trand\Documents\GITHUB\Cube-Land\Box2D_SFML1\Box2D_SFML1\MonoBehavior.h(26,1): warning C4311: 'type cast': pointer truncation from 'errno_t (__cdecl *)(char *const ,const size_t,const time_t *const )' to 'int'
C:\Users\trand\Documents\GITHUB\Cube-Land\Box2D_SFML1\Box2D_SFML1\MonoBehavior.h(26,1): warning C4302: 'type cast': truncation from 'errno_t (__cdecl *)(char *const ,const size_t,const time_t *const )' to 'int'
  Projectile.cpp
C:\Users\trand\Documents\GITHUB\Cube-Land\Box2D_SFML1\Box2D_SFML1\MonoBehavior.h(26,1): warning C4311: 'type cast': pointer truncation from 'errno_t (__cdecl *)(char *const ,const size_t,const time_t *const )' to 'int'
C:\Users\trand\Documents\GITHUB\Cube-Land\Box2D_SFML1\Box2D_SFML1\MonoBehavior.h(26,1): warning C4302: 'type cast': truncation from 'errno_t (__cdecl *)(char *const ,const size_t,const time_t *const )' to 'int'
  Staff.cpp
C:\Users\trand\Documents\GITHUB\Cube-Land\Box2D_SFML1\Box2D_SFML1\MonoBehavior.h(26,1): warning C4311: 'type cast': pointer truncation from 'errno_t (__cdecl *)(char *const ,const size_t,const time_t *const )' to 'int'
C:\Users\trand\Documents\GITHUB\Cube-Land\Box2D_SFML1\Box2D_SFML1\MonoBehavior.h(26,1): warning C4302: 'type cast': truncation from 'errno_t (__cdecl *)(char *const ,const size_t,const time_t *const )' to 'int'
  StonePile.cpp
C:\Users\trand\Documents\GITHUB\Cube-Land\Box2D_SFML1\Box2D_SFML1\MonoBehavior.h(26,1): warning C4311: 'type cast': pointer truncation from 'errno_t (__cdecl *)(char *const ,const size_t,const time_t *const )' to 'int'
C:\Users\trand\Documents\GITHUB\Cube-Land\Box2D_SFML1\Box2D_SFML1\MonoBehavior.h(26,1): warning C4302: 'type cast': truncation from 'errno_t (__cdecl *)(char *const ,const size_t,const time_t *const )' to 'int'
  TextureMaster.cpp
C:\Users\trand\Documents\GITHUB\Cube-Land\Box2D_SFML1\Box2D_SFML1\MonoBehavior.h(26,1): warning C4311: 'type cast': pointer truncation from 'errno_t (__cdecl *)(char *const ,const size_t,const time_t *const )' to 'int'
C:\Users\trand\Documents\GITHUB\Cube-Land\Box2D_SFML1\Box2D_SFML1\MonoBehavior.h(26,1): warning C4302: 'type cast': truncation from 'errno_t (__cdecl *)(char *const ,const size_t,const time_t *const )' to 'int'
  Tile.cpp
C:\Users\trand\Documents\GITHUB\Cube-Land\Box2D_SFML1\Box2D_SFML1\MonoBehavior.h(26,1): warning C4311: 'type cast': pointer truncation from 'errno_t (__cdecl *)(char *const ,const size_t,const time_t *const )' to 'int'
C:\Users\trand\Documents\GITHUB\Cube-Land\Box2D_SFML1\Box2D_SFML1\MonoBehavior.h(26,1): warning C4302: 'type cast': truncation from 'errno_t (__cdecl *)(char *const ,const size_t,const time_t *const )' to 'int'
C:\Users\trand\Documents\GITHUB\Cube-Land\Box2D_SFML1\Box2D_SFML1\Tile.cpp(15,57): warning C4244: 'argument': conversion from 'T' to 'T', possible loss of data
          with
          [
              T=float
          ]
          and
          [
              T=int
          ]
C:\Users\trand\Documents\GITHUB\Cube-Land\Box2D_SFML1\Box2D_SFML1\Tile.cpp(15,48): warning C4244: 'argument': conversion from 'T' to 'T', possible loss of data
          with
          [
              T=float
          ]
          and
          [
              T=int
          ]
  Compiling...
  WorldManager.cpp
C:\Users\trand\Documents\GITHUB\Cube-Land\Box2D_SFML1\Box2D_SFML1\MonoBehavior.h(26,1): warning C4311: 'type cast': pointer truncation from 'errno_t (__cdecl *)(char *const ,const size_t,const time_t *const )' to 'int'
C:\Users\trand\Documents\GITHUB\Cube-Land\Box2D_SFML1\Box2D_SFML1\MonoBehavior.h(26,1): warning C4302: 'type cast': truncation from 'errno_t (__cdecl *)(char *const ,const size_t,const time_t *const )' to 'int'
C:\Users\trand\Documents\GITHUB\Cube-Land\Box2D_SFML1\Box2D_SFML1\WorldManager.cpp(48,94): warning C4244: 'argument': conversion from 'int' to 'T', possible loss of data
          with
          [
              T=float
          ]
  main.cpp
C:\Users\trand\Documents\GITHUB\Cube-Land\Box2D_SFML1\Box2D_SFML1\MonoBehavior.h(26,1): warning C4311: 'type cast': pointer truncation from 'errno_t (__cdecl *)(char *const ,const size_t,const time_t *const )' to 'int'
C:\Users\trand\Documents\GITHUB\Cube-Land\Box2D_SFML1\Box2D_SFML1\MonoBehavior.h(26,1): warning C4302: 'type cast': truncation from 'errno_t (__cdecl *)(char *const ,const size_t,const time_t *const )' to 'int'
C:\Users\trand\Documents\GITHUB\Cube-Land\Box2D_SFML1\Box2D_SFML1\CGameScene.h(4,10): warning C4067: unexpected tokens following preprocessor directive - expected a newline
  Generating code
  20 of 1316 functions ( 1.5%) were compiled, the rest were copied from previous compilation.
    0 functions were new in current compilation
    13 functions had inline decision re-evaluated but remain unchanged
  Finished generating code
  Box2D_SFML1.vcxproj -> C:\Users\trand\Documents\GITHUB\Cube-Land\Box2D_SFML1\x64\Release\Box2D_SFML1.exe
