c:\users\trand\source\repos\box2d_sfml1\box2d_sfml1\x64\debug\vc142.pdb
c:\users\trand\source\repos\box2d_sfml1\box2d_sfml1\x64\debug\vc142.idb
c:\users\trand\source\repos\box2d_sfml1\box2d_sfml1\x64\debug\cexample.obj
c:\users\trand\source\repos\box2d_sfml1\box2d_sfml1\x64\debug\main.obj
c:\users\trand\documents\github\cube-land\box2d_sfml1\box2d_sfml1\x64\debug\vc142.pdb
c:\users\trand\documents\github\cube-land\box2d_sfml1\box2d_sfml1\x64\debug\vc142.idb
c:\users\trand\documents\github\cube-land\box2d_sfml1\box2d_sfml1\x64\debug\tile.obj
c:\users\trand\documents\github\cube-land\box2d_sfml1\box2d_sfml1\x64\debug\texturemaster.obj
c:\users\trand\documents\github\cube-land\box2d_sfml1\box2d_sfml1\x64\debug\stonepile.obj
c:\users\trand\documents\github\cube-land\box2d_sfml1\box2d_sfml1\x64\debug\staff.obj
c:\users\trand\documents\github\cube-land\box2d_sfml1\box2d_sfml1\x64\debug\projectile.obj
c:\users\trand\documents\github\cube-land\box2d_sfml1\box2d_sfml1\x64\debug\portal.obj
c:\users\trand\documents\github\cube-land\box2d_sfml1\box2d_sfml1\x64\debug\player.obj
c:\users\trand\documents\github\cube-land\box2d_sfml1\box2d_sfml1\x64\debug\main.obj
c:\users\trand\documents\github\cube-land\box2d_sfml1\box2d_sfml1\x64\debug\lumberpile.obj
c:\users\trand\documents\github\cube-land\box2d_sfml1\box2d_sfml1\x64\debug\item.obj
c:\users\trand\documents\github\cube-land\box2d_sfml1\box2d_sfml1\x64\debug\gui.obj
c:\users\trand\documents\github\cube-land\box2d_sfml1\box2d_sfml1\x64\debug\particlesystem.obj
c:\users\trand\documents\github\cube-land\box2d_sfml1\box2d_sfml1\x64\debug\iscene.obj
c:\users\trand\documents\github\cube-land\box2d_sfml1\box2d_sfml1\x64\debug\cscenemanager.obj
c:\users\trand\documents\github\cube-land\box2d_sfml1\box2d_sfml1\x64\debug\cgamescene.obj
c:\users\trand\documents\github\cube-land\box2d_sfml1\box2d_sfml1\x64\debug\cmainmenu.obj
c:\users\trand\documents\github\cube-land\box2d_sfml1\box2d_sfml1\x64\debug\cinputfield.obj
c:\users\trand\documents\github\cube-land\box2d_sfml1\box2d_sfml1\x64\debug\centity.obj
c:\users\trand\documents\github\cube-land\box2d_sfml1\box2d_sfml1\x64\debug\cbuttons.obj
c:\users\trand\documents\github\cube-land\box2d_sfml1\box2d_sfml1\x64\debug\audiomanager.obj
c:\users\trand\documents\github\cube-land\box2d_sfml1\box2d_sfml1\x64\debug\worldmanager.obj
c:\users\trand\source\repos\box2d_sfml1\x64\debug\box2d_sfml1.exe
c:\users\trand\source\repos\box2d_sfml1\x64\debug\box2d_sfml1.ilk
c:\users\trand\source\repos\box2d_sfml1\x64\debug\box2d_sfml1.pdb
c:\users\trand\documents\github\cube-land\box2d_sfml1\x64\debug\box2d_sfml1.ilk
c:\users\trand\documents\github\cube-land\box2d_sfml1\x64\debug\box2d_sfml1.exe
c:\users\trand\documents\github\cube-land\box2d_sfml1\x64\debug\box2d_sfml1.pdb
c:\users\trand\documents\github\cube-land\box2d_sfml1\box2d_sfml1\x64\debug\cexample.obj
c:\users\trand\documents\github\cube-land\box2d_sfml1\box2d_sfml1\x64\debug\box2d_sfml1.tlog\cl.command.1.tlog
c:\users\trand\documents\github\cube-land\box2d_sfml1\box2d_sfml1\x64\debug\box2d_sfml1.tlog\cl.read.1.tlog
c:\users\trand\documents\github\cube-land\box2d_sfml1\box2d_sfml1\x64\debug\box2d_sfml1.tlog\cl.write.1.tlog
c:\users\trand\documents\github\cube-land\box2d_sfml1\box2d_sfml1\x64\debug\box2d_sfml1.tlog\link.command.1.tlog
c:\users\trand\documents\github\cube-land\box2d_sfml1\box2d_sfml1\x64\debug\box2d_sfml1.tlog\link.read.1.tlog
c:\users\trand\documents\github\cube-land\box2d_sfml1\box2d_sfml1\x64\debug\box2d_sfml1.tlog\link.write.1.tlog
